<?xml version="1.0" ?>
<coverage version="5.5" timestamp="1622550092672" lines-valid="494" lines-covered="397" line-rate="0.8036" branches-covered="0" branches-valid="0" branch-rate="0" complexity="0">
	<!-- Generated by coverage.py: https://coverage.readthedocs.io -->
	<!-- Based on https://raw.githubusercontent.com/cobertura/web/master/htdocs/xml/coverage-04.dtd -->
	<sources>
		<source>C:\Users\Malac\ownCloud\Github\mydatapreprocessing\mydatapreprocessing</source>
	</sources>
	<packages>
		<package name="." line-rate="0.8036" branch-rate="0" complexity="0">
			<classes>
				<class name="__init__.py" filename="__init__.py" complexity="0" line-rate="1" branch-rate="0">
					<methods/>
					<lines>
						<line number="3" hits="1"/>
						<line number="56" hits="1"/>
						<line number="57" hits="1"/>
						<line number="58" hits="1"/>
						<line number="59" hits="1"/>
						<line number="61" hits="1"/>
						<line number="63" hits="1"/>
						<line number="65" hits="1"/>
						<line number="66" hits="1"/>
						<line number="68" hits="1"/>
						<line number="69" hits="1"/>
						<line number="70" hits="1"/>
					</lines>
				</class>
				<class name="generatedata.py" filename="generatedata.py" complexity="0" line-rate="0.4737" branch-rate="0">
					<methods/>
					<lines>
						<line number="19" hits="1"/>
						<line number="20" hits="1"/>
						<line number="22" hits="1"/>
						<line number="28" hits="1"/>
						<line number="38" hits="0"/>
						<line number="39" hits="0"/>
						<line number="40" hits="0"/>
						<line number="42" hits="0"/>
						<line number="45" hits="1"/>
						<line number="55" hits="0"/>
						<line number="59" hits="1"/>
						<line number="69" hits="1"/>
						<line number="73" hits="1"/>
						<line number="83" hits="0"/>
						<line number="86" hits="1"/>
						<line number="96" hits="0"/>
						<line number="97" hits="0"/>
						<line number="103" hits="0"/>
						<line number="105" hits="0"/>
					</lines>
				</class>
				<class name="inputs.py" filename="inputs.py" complexity="0" line-rate="0.4098" branch-rate="0">
					<methods/>
					<lines>
						<line number="12" hits="1"/>
						<line number="14" hits="1"/>
						<line number="16" hits="1"/>
						<line number="19" hits="1"/>
						<line number="74" hits="1"/>
						<line number="75" hits="1"/>
						<line number="76" hits="1"/>
						<line number="78" hits="1"/>
						<line number="79" hits="0"/>
						<line number="81" hits="1"/>
						<line number="83" hits="1"/>
						<line number="84" hits="0"/>
						<line number="86" hits="1"/>
						<line number="88" hits="1"/>
						<line number="89" hits="1"/>
						<line number="90" hits="1"/>
						<line number="92" hits="1"/>
						<line number="95" hits="0"/>
						<line number="97" hits="1"/>
						<line number="98" hits="1"/>
						<line number="100" hits="1"/>
						<line number="101" hits="0"/>
						<line number="102" hits="0"/>
						<line number="103" hits="0"/>
						<line number="108" hits="1"/>
						<line number="110" hits="1"/>
						<line number="111" hits="1"/>
						<line number="113" hits="1"/>
						<line number="115" hits="1"/>
						<line number="118" hits="1"/>
						<line number="158" hits="0"/>
						<line number="160" hits="0"/>
						<line number="161" hits="0"/>
						<line number="163" hits="0"/>
						<line number="164" hits="0"/>
						<line number="167" hits="0"/>
						<line number="172" hits="0"/>
						<line number="174" hits="0"/>
						<line number="176" hits="0"/>
						<line number="180" hits="0"/>
						<line number="181" hits="0"/>
						<line number="182" hits="0"/>
						<line number="183" hits="0"/>
						<line number="184" hits="0"/>
						<line number="186" hits="0"/>
						<line number="189" hits="0"/>
						<line number="190" hits="0"/>
						<line number="191" hits="0"/>
						<line number="193" hits="0"/>
						<line number="194" hits="0"/>
						<line number="195" hits="0"/>
						<line number="196" hits="0"/>
						<line number="198" hits="0"/>
						<line number="199" hits="0"/>
						<line number="201" hits="0"/>
						<line number="204" hits="1"/>
						<line number="215" hits="0"/>
						<line number="217" hits="0"/>
						<line number="218" hits="0"/>
						<line number="220" hits="0"/>
						<line number="222" hits="0"/>
					</lines>
				</class>
				<class name="preprocessing.py" filename="preprocessing.py" complexity="0" line-rate="0.8731" branch-rate="0">
					<methods/>
					<lines>
						<line number="64" hits="1"/>
						<line number="65" hits="1"/>
						<line number="67" hits="1"/>
						<line number="69" hits="1"/>
						<line number="70" hits="1"/>
						<line number="71" hits="1"/>
						<line number="72" hits="1"/>
						<line number="88" hits="1"/>
						<line number="108" hits="0"/>
						<line number="109" hits="0"/>
						<line number="112" hits="0"/>
						<line number="113" hits="0"/>
						<line number="114" hits="0"/>
						<line number="116" hits="0"/>
						<line number="119" hits="1"/>
						<line number="162" hits="1"/>
						<line number="165" hits="1"/>
						<line number="166" hits="1"/>
						<line number="168" hits="1"/>
						<line number="169" hits="1"/>
						<line number="172" hits="1"/>
						<line number="174" hits="1"/>
						<line number="175" hits="1"/>
						<line number="177" hits="1"/>
						<line number="178" hits="1"/>
						<line number="182" hits="1"/>
						<line number="196" hits="1"/>
						<line number="197" hits="1"/>
						<line number="198" hits="1"/>
						<line number="200" hits="1"/>
						<line number="201" hits="1"/>
						<line number="202" hits="1"/>
						<line number="203" hits="1"/>
						<line number="205" hits="1"/>
						<line number="206" hits="1"/>
						<line number="207" hits="1"/>
						<line number="208" hits="1"/>
						<line number="209" hits="1"/>
						<line number="211" hits="1"/>
						<line number="213" hits="1"/>
						<line number="215" hits="1"/>
						<line number="216" hits="1"/>
						<line number="217" hits="1"/>
						<line number="218" hits="1"/>
						<line number="220" hits="1"/>
						<line number="222" hits="1"/>
						<line number="232" hits="1"/>
						<line number="235" hits="1"/>
						<line number="238" hits="1"/>
						<line number="240" hits="1"/>
						<line number="241" hits="1"/>
						<line number="244" hits="1"/>
						<line number="245" hits="1"/>
						<line number="246" hits="1"/>
						<line number="248" hits="1"/>
						<line number="249" hits="1"/>
						<line number="251" hits="1"/>
						<line number="252" hits="1"/>
						<line number="262" hits="1"/>
						<line number="264" hits="1"/>
						<line number="265" hits="1"/>
						<line number="267" hits="1"/>
						<line number="268" hits="1"/>
						<line number="270" hits="1"/>
						<line number="271" hits="0"/>
						<line number="279" hits="1"/>
						<line number="282" hits="1"/>
						<line number="283" hits="1"/>
						<line number="285" hits="1"/>
						<line number="286" hits="1"/>
						<line number="291" hits="0"/>
						<line number="292" hits="0"/>
						<line number="302" hits="1"/>
						<line number="303" hits="1"/>
						<line number="304" hits="0"/>
						<line number="310" hits="1"/>
						<line number="311" hits="1"/>
						<line number="312" hits="1"/>
						<line number="318" hits="1"/>
						<line number="319" hits="1"/>
						<line number="320" hits="0"/>
						<line number="326" hits="1"/>
						<line number="327" hits="1"/>
						<line number="328" hits="1"/>
						<line number="334" hits="1"/>
						<line number="336" hits="1"/>
						<line number="338" hits="1"/>
						<line number="339" hits="1"/>
						<line number="340" hits="1"/>
						<line number="345" hits="1"/>
						<line number="351" hits="1"/>
						<line number="352" hits="1"/>
						<line number="354" hits="1"/>
						<line number="355" hits="1"/>
						<line number="358" hits="0"/>
						<line number="366" hits="1"/>
						<line number="368" hits="1"/>
						<line number="370" hits="1"/>
						<line number="371" hits="1"/>
						<line number="373" hits="1"/>
						<line number="374" hits="0"/>
						<line number="376" hits="1"/>
						<line number="378" hits="1"/>
						<line number="379" hits="1"/>
						<line number="381" hits="1"/>
						<line number="382" hits="1"/>
						<line number="384" hits="1"/>
						<line number="386" hits="1"/>
						<line number="387" hits="0"/>
						<line number="396" hits="1"/>
						<line number="399" hits="1"/>
						<line number="449" hits="1"/>
						<line number="450" hits="1"/>
						<line number="451" hits="1"/>
						<line number="452" hits="0"/>
						<line number="453" hits="0"/>
						<line number="465" hits="1"/>
						<line number="467" hits="1"/>
						<line number="468" hits="0"/>
						<line number="473" hits="0"/>
						<line number="475" hits="1"/>
						<line number="476" hits="1"/>
						<line number="478" hits="1"/>
						<line number="480" hits="1"/>
						<line number="482" hits="0"/>
						<line number="490" hits="1"/>
						<line number="493" hits="1"/>
						<line number="496" hits="0"/>
						<line number="497" hits="0"/>
						<line number="503" hits="1"/>
						<line number="508" hits="1"/>
						<line number="510" hits="1"/>
						<line number="512" hits="1"/>
						<line number="514" hits="1"/>
						<line number="515" hits="1"/>
						<line number="516" hits="1"/>
						<line number="519" hits="0"/>
						<line number="525" hits="1"/>
						<line number="527" hits="0"/>
						<line number="528" hits="0"/>
						<line number="536" hits="1"/>
						<line number="538" hits="1"/>
						<line number="539" hits="1"/>
						<line number="546" hits="1"/>
						<line number="548" hits="1"/>
						<line number="550" hits="1"/>
						<line number="551" hits="0"/>
						<line number="553" hits="1"/>
						<line number="554" hits="0"/>
						<line number="562" hits="1"/>
						<line number="563" hits="1"/>
						<line number="564" hits="1"/>
						<line number="565" hits="1"/>
						<line number="566" hits="0"/>
						<line number="567" hits="1"/>
						<line number="568" hits="1"/>
						<line number="569" hits="1"/>
						<line number="572" hits="0"/>
						<line number="574" hits="0"/>
						<line number="575" hits="0"/>
						<line number="576" hits="0"/>
						<line number="585" hits="1"/>
						<line number="589" hits="1"/>
						<line number="592" hits="1"/>
						<line number="593" hits="1"/>
						<line number="596" hits="1"/>
						<line number="598" hits="1"/>
						<line number="602" hits="1"/>
						<line number="603" hits="1"/>
						<line number="610" hits="1"/>
						<line number="611" hits="1"/>
						<line number="613" hits="1"/>
						<line number="614" hits="1"/>
						<line number="616" hits="1"/>
						<line number="618" hits="1"/>
						<line number="620" hits="1"/>
						<line number="621" hits="1"/>
						<line number="622" hits="1"/>
						<line number="626" hits="1"/>
						<line number="627" hits="1"/>
						<line number="631" hits="1"/>
						<line number="633" hits="1"/>
						<line number="636" hits="1"/>
						<line number="665" hits="1"/>
						<line number="667" hits="1"/>
						<line number="668" hits="1"/>
						<line number="675" hits="1"/>
						<line number="676" hits="1"/>
						<line number="683" hits="1"/>
						<line number="685" hits="1"/>
						<line number="686" hits="1"/>
						<line number="687" hits="1"/>
						<line number="689" hits="1"/>
						<line number="690" hits="1"/>
						<line number="692" hits="1"/>
						<line number="694" hits="1"/>
						<line number="695" hits="1"/>
						<line number="702" hits="1"/>
						<line number="703" hits="1"/>
						<line number="710" hits="1"/>
						<line number="711" hits="1"/>
						<line number="713" hits="1"/>
						<line number="714" hits="1"/>
						<line number="715" hits="1"/>
						<line number="717" hits="1"/>
						<line number="719" hits="1"/>
						<line number="722" hits="1"/>
						<line number="755" hits="1"/>
						<line number="757" hits="1"/>
						<line number="758" hits="1"/>
						<line number="760" hits="1"/>
						<line number="761" hits="1"/>
						<line number="763" hits="1"/>
						<line number="764" hits="1"/>
						<line number="766" hits="1"/>
						<line number="767" hits="1"/>
						<line number="768" hits="1"/>
						<line number="770" hits="1"/>
						<line number="771" hits="1"/>
						<line number="773" hits="1"/>
						<line number="775" hits="1"/>
						<line number="776" hits="1"/>
						<line number="778" hits="0"/>
						<line number="780" hits="1"/>
						<line number="781" hits="0"/>
						<line number="783" hits="1"/>
						<line number="786" hits="1"/>
						<line number="807" hits="1"/>
						<line number="808" hits="1"/>
						<line number="810" hits="1"/>
						<line number="811" hits="1"/>
						<line number="813" hits="1"/>
						<line number="816" hits="1"/>
						<line number="836" hits="1"/>
						<line number="837" hits="1"/>
						<line number="838" hits="1"/>
						<line number="841" hits="1"/>
						<line number="851" hits="1"/>
						<line number="853" hits="1"/>
						<line number="854" hits="0"/>
						<line number="859" hits="1"/>
						<line number="861" hits="1"/>
						<line number="863" hits="1"/>
						<line number="864" hits="1"/>
						<line number="866" hits="1"/>
						<line number="868" hits="1"/>
						<line number="869" hits="1"/>
						<line number="870" hits="1"/>
						<line number="871" hits="1"/>
						<line number="872" hits="1"/>
						<line number="873" hits="1"/>
						<line number="874" hits="1"/>
						<line number="876" hits="1"/>
						<line number="882" hits="1"/>
						<line number="898" hits="1"/>
						<line number="899" hits="1"/>
						<line number="901" hits="1"/>
						<line number="903" hits="1"/>
						<line number="905" hits="1"/>
						<line number="906" hits="1"/>
						<line number="907" hits="1"/>
						<line number="909" hits="1"/>
						<line number="911" hits="1"/>
						<line number="912" hits="1"/>
						<line number="914" hits="1"/>
						<line number="915" hits="1"/>
						<line number="916" hits="1"/>
						<line number="918" hits="1"/>
						<line number="919" hits="1"/>
						<line number="922" hits="1"/>
						<line number="924" hits="1"/>
						<line number="930" hits="1"/>
						<line number="942" hits="1"/>
						<line number="943" hits="0"/>
						<line number="945" hits="1"/>
						<line number="947" hits="1"/>
						<line number="948" hits="1"/>
						<line number="950" hits="1"/>
						<line number="951" hits="1"/>
						<line number="953" hits="1"/>
						<line number="954" hits="1"/>
						<line number="956" hits="1"/>
						<line number="958" hits="1"/>
						<line number="959" hits="1"/>
						<line number="960" hits="1"/>
						<line number="961" hits="1"/>
						<line number="962" hits="1"/>
						<line number="964" hits="1"/>
						<line number="967" hits="1"/>
						<line number="986" hits="1"/>
						<line number="987" hits="1"/>
						<line number="988" hits="1"/>
						<line number="990" hits="1"/>
						<line number="991" hits="1"/>
						<line number="992" hits="1"/>
						<line number="994" hits="1"/>
						<line number="995" hits="1"/>
						<line number="996" hits="1"/>
						<line number="998" hits="1"/>
						<line number="999" hits="1"/>
						<line number="1001" hits="1"/>
						<line number="1003" hits="1"/>
						<line number="1006" hits="1"/>
						<line number="1022" hits="1"/>
						<line number="1023" hits="1"/>
						<line number="1025" hits="1"/>
						<line number="1028" hits="1"/>
						<line number="1045" hits="1"/>
						<line number="1047" hits="1"/>
						<line number="1050" hits="1"/>
						<line number="1061" hits="1"/>
						<line number="1062" hits="0"/>
						<line number="1066" hits="1"/>
						<line number="1068" hits="1"/>
						<line number="1069" hits="1"/>
						<line number="1070" hits="1"/>
						<line number="1071" hits="0"/>
						<line number="1072" hits="1"/>
						<line number="1073" hits="0"/>
						<line number="1074" hits="1"/>
						<line number="1075" hits="1"/>
						<line number="1078" hits="0"/>
						<line number="1085" hits="1"/>
						<line number="1086" hits="1"/>
						<line number="1087" hits="1"/>
						<line number="1088" hits="1"/>
						<line number="1091" hits="1"/>
						<line number="1092" hits="1"/>
						<line number="1094" hits="1"/>
						<line number="1097" hits="1"/>
						<line number="1112" hits="0"/>
						<line number="1113" hits="0"/>
						<line number="1115" hits="0"/>
						<line number="1117" hits="0"/>
						<line number="1118" hits="0"/>
						<line number="1122" hits="0"/>
						<line number="1123" hits="0"/>
						<line number="1130" hits="0"/>
						<line number="1133" hits="1"/>
						<line number="1166" hits="1"/>
						<line number="1168" hits="1"/>
						<line number="1169" hits="0"/>
						<line number="1171" hits="1"/>
						<line number="1172" hits="1"/>
						<line number="1174" hits="1"/>
						<line number="1175" hits="1"/>
						<line number="1176" hits="1"/>
						<line number="1178" hits="1"/>
						<line number="1181" hits="1"/>
						<line number="1199" hits="1"/>
						<line number="1200" hits="1"/>
						<line number="1201" hits="1"/>
						<line number="1203" hits="1"/>
						<line number="1204" hits="1"/>
						<line number="1206" hits="1"/>
						<line number="1209" hits="1"/>
						<line number="1220" hits="1"/>
						<line number="1221" hits="0"/>
						<line number="1223" hits="1"/>
						<line number="1225" hits="1"/>
						<line number="1226" hits="1"/>
						<line number="1227" hits="1"/>
						<line number="1229" hits="1"/>
						<line number="1230" hits="1"/>
						<line number="1231" hits="1"/>
						<line number="1233" hits="1"/>
						<line number="1236" hits="1"/>
						<line number="1251" hits="1"/>
						<line number="1252" hits="0"/>
						<line number="1254" hits="1"/>
						<line number="1256" hits="1"/>
						<line number="1257" hits="0"/>
						<line number="1261" hits="1"/>
						<line number="1262" hits="1"/>
						<line number="1263" hits="1"/>
						<line number="1264" hits="1"/>
						<line number="1266" hits="1"/>
						<line number="1267" hits="1"/>
						<line number="1269" hits="1"/>
						<line number="1270" hits="1"/>
						<line number="1271" hits="1"/>
						<line number="1272" hits="1"/>
						<line number="1273" hits="1"/>
						<line number="1275" hits="1"/>
						<line number="1276" hits="1"/>
						<line number="1277" hits="1"/>
						<line number="1278" hits="1"/>
						<line number="1279" hits="1"/>
						<line number="1281" hits="1"/>
						<line number="1283" hits="1"/>
						<line number="1284" hits="1"/>
						<line number="1285" hits="1"/>
						<line number="1287" hits="1"/>
						<line number="1290" hits="1"/>
						<line number="1300" hits="1"/>
						<line number="1301" hits="1"/>
						<line number="1302" hits="1"/>
						<line number="1304" hits="1"/>
						<line number="1305" hits="1"/>
						<line number="1306" hits="1"/>
						<line number="1307" hits="1"/>
						<line number="1309" hits="1"/>
					</lines>
				</class>
			</classes>
		</package>
	</packages>
</coverage>
